<?xml version="1.0" encoding="UTF-8"?>
<testng-results skipped="0" failed="0" ignored="0" total="2" passed="2">
  <reporter-output>
  </reporter-output>
  <suite name="Default suite" duration-ms="119404" started-at="2021-03-06T05:44:37Z" finished-at="2021-03-06T05:46:36Z">
    <groups>
      <group name="cucumber">
        <method signature="AbstractTestNGCucumberTests.runScenario(io.cucumber.testng.PickleWrapper, io.cucumber.testng.FeatureWrapper)[pri:0, instance:com.stepDefinations.TestRunnerForFailedTestCases@67b92f0a]" name="runScenario" class="io.cucumber.testng.AbstractTestNGCucumberTests"/>
      </group> <!-- cucumber -->
    </groups>
    <test name="Default test" duration-ms="119404" started-at="2021-03-06T05:44:37Z" finished-at="2021-03-06T05:46:36Z">
      <class name="com.stepDefinations.TestRunnerForFailedTestCases">
        <test-method status="PASS" signature="setUpClass()[pri:0, instance:com.stepDefinations.TestRunnerForFailedTestCases@67b92f0a]" name="setUpClass" is-config="true" duration-ms="1304" started-at="2021-03-06T05:44:37Z" finished-at="2021-03-06T05:44:38Z">
          <reporter-output>
          </reporter-output>
        </test-method> <!-- setUpClass -->
        <test-method status="PASS" signature="runScenario(io.cucumber.testng.PickleWrapper, io.cucumber.testng.FeatureWrapper)[pri:0, instance:com.stepDefinations.TestRunnerForFailedTestCases@67b92f0a]" name="runScenario" duration-ms="67668" started-at="2021-03-06T05:44:38Z" description="Runs Cucumber Scenarios" data-provider="scenarios" finished-at="2021-03-06T05:45:46Z">
          <params>
            <param index="0">
              <value>
                <![CDATA["Verify Login Functionality"]]>
              </value>
            </param>
            <param index="1">
              <value>
                <![CDATA["Login Functionality"]]>
              </value>
            </param>
          </params>
          <reporter-output>
          </reporter-output>
        </test-method> <!-- runScenario -->
        <test-method status="PASS" signature="runScenario(io.cucumber.testng.PickleWrapper, io.cucumber.testng.FeatureWrapper)[pri:0, instance:com.stepDefinations.TestRunnerForFailedTestCases@67b92f0a]" name="runScenario" duration-ms="49677" started-at="2021-03-06T05:45:46Z" description="Runs Cucumber Scenarios" data-provider="scenarios" finished-at="2021-03-06T05:46:35Z">
          <params>
            <param index="0">
              <value>
                <![CDATA["Verify PIN Module"]]>
              </value>
            </param>
            <param index="1">
              <value>
                <![CDATA["Login Functionality"]]>
              </value>
            </param>
          </params>
          <reporter-output>
          </reporter-output>
        </test-method> <!-- runScenario -->
        <test-method status="PASS" signature="tearDownClass()[pri:0, instance:com.stepDefinations.TestRunnerForFailedTestCases@67b92f0a]" name="tearDownClass" is-config="true" duration-ms="703" started-at="2021-03-06T05:46:35Z" finished-at="2021-03-06T05:46:36Z">
          <reporter-output>
          </reporter-output>
        </test-method> <!-- tearDownClass -->
      </class> <!-- com.stepDefinations.TestRunnerForFailedTestCases -->
    </test> <!-- Default test -->
  </suite> <!-- Default suite -->
</testng-results>
